<?xml version="1.0" encoding="UTF-8"?>
<!-- Generated by org.testng.reporters.JUnitReportReporter -->
<testsuite skipped="0" hostname="RAMANA" name="com.FB.NavitagetoURL" tests="1" failures="0" timestamp="06 Feb 2019 07:21:36 GMT" time="9.967" errors="0">
  <testcase name="setUp" time="9.967" classname="com.FB.NavitagetoURL"/>
</testsuite> <!-- com.FB.NavitagetoURL -->
