<?xml version="1.0" encoding="UTF-8"?>
<!-- Generated by org.testng.reporters.JUnitReportReporter -->
<testsuite skipped="0" hostname="RAMANA" name="com.HandlingAlert.APSRTC_checkavailability" tests="1" failures="0" timestamp="08 Feb 2019 12:22:09 GMT" time="7.317" errors="0">
  <testcase name="handingAlert" time="7.317" classname="com.HandlingAlert.APSRTC_checkavailability"/>
</testsuite> <!-- com.HandlingAlert.APSRTC_checkavailability -->
