<?xml version="1.0" encoding="UTF-8"?>
<!-- Generated by org.testng.reporters.JUnitReportReporter -->
<testsuite skipped="0" hostname="RAMANA" name="com.OrangeHRM.LogInTest" tests="1" failures="0" timestamp="06 Feb 2019 07:22:59 GMT" time="4.463" errors="0">
  <testcase name="LoginIn" time="4.463" classname="com.OrangeHRM.LogInTest"/>
</testsuite> <!-- com.OrangeHRM.LogInTest -->
