<?xml version="1.0" encoding="UTF-8"?>
<!-- Generated by org.testng.reporters.JUnitReportReporter -->
<testsuite skipped="0" hostname="RAMANA" name="com.POM.NewTours_HomePage_Testing" tests="1" failures="0" timestamp="06 Feb 2019 06:00:10 GMT" time="5.056" errors="0">
  <testcase name="homepage" time="5.056" classname="com.POM.NewTours_HomePage_Testing"/>
</testsuite> <!-- com.POM.NewTours_HomePage_Testing -->
