<?xml version="1.0" encoding="UTF-8"?>
<!-- Generated by org.testng.reporters.JUnitReportReporter -->
<testsuite skipped="0" hostname="RAMANA" name="com.Newtours_login_properties.newtours_peroperties" tests="1" failures="0" timestamp="29 Jan 2019 06:56:09 GMT" time="7.369" errors="0">
  <testcase name="login" time="7.369" classname="com.Newtours_login_properties.newtours_peroperties"/>
</testsuite> <!-- com.Newtours_login_properties.newtours_peroperties -->
