<?xml version="1.0" encoding="UTF-8"?>
<!-- Generated by org.testng.reporters.JUnitReportReporter -->
<testsuite skipped="0" hostname="RAMANA" name="com.OHRM_LogIn.OHRM_LogInTest" tests="1" failures="0" timestamp="06 Feb 2019 06:25:24 GMT" time="4.357" errors="0">
  <testcase name="LoginIn" time="4.357" classname="com.OHRM_LogIn.OHRM_LogInTest"/>
</testsuite> <!-- com.OHRM_LogIn.OHRM_LogInTest -->
