<?xml version="1.0" encoding="UTF-8"?>
<!-- Generated by org.testng.reporters.JUnitReportReporter -->
<testsuite skipped="0" hostname="RAMANA" name="com.OHRM_LogIn_AddEmployee.OHRM_LogIn_AddEmployee" tests="2" failures="0" timestamp="04 Feb 2019 09:44:54 GMT" time="40.931" errors="0">
  <testcase name="LoginIn" time="16.295" classname="com.OHRM_LogIn_AddEmployee.OHRM_LogIn_AddEmployee"/>
  <testcase name="AddEmployee" time="24.636" classname="com.OHRM_LogIn_AddEmployee.OHRM_LogIn_AddEmployee"/>
</testsuite> <!-- com.OHRM_LogIn_AddEmployee.OHRM_LogIn_AddEmployee -->
