<?xml version="1.0" encoding="UTF-8"?>
<!-- Generated by org.testng.reporters.JUnitReportReporter -->
<testsuite skipped="0" hostname="RAMANA" name="com.Newtours_LogIn_Registration.Newtours_NewUserRegistration" tests="2" failures="0" timestamp="06 Feb 2019 06:47:35 GMT" time="12.218" errors="0">
  <testcase name="register" time="1.000" classname="com.Newtours_LogIn_Registration.Newtours_NewUserRegistration"/>
  <testcase name="NewuserRegistration" time="11.218" classname="com.Newtours_LogIn_Registration.Newtours_NewUserRegistration"/>
</testsuite> <!-- com.Newtours_LogIn_Registration.Newtours_NewUserRegistration -->
