<?xml version="1.0" encoding="UTF-8"?>
<!-- Generated by org.testng.reporters.JUnitReportReporter -->
<testsuite skipped="1" hostname="RAMANA" name="com.Annotations.Annotations1" tests="4" failures="0" timestamp="28 Jan 2019 03:24:15 GMT" time="0.018" errors="0">
  <testcase name="ApplicationLaunch" time="0.013" classname="com.Annotations.Annotations1"/>
  <testcase name="Login" time="0.003" classname="com.Annotations.Annotations1"/>
  <testcase name="inbox" time="0.002" classname="com.Annotations.Annotations1"/>
  <testcase name="composeMail" classname="com.Annotations.Annotations1">
    <skipped/>
  </testcase> <!-- composeMail -->
</testsuite> <!-- com.Annotations.Annotations1 -->
