<?xml version="1.0" encoding="UTF-8"?>
<!-- Generated by org.testng.reporters.JUnitReportReporter -->
<testsuite skipped="0" hostname="RAMANA" name="com.POM.NewTours_HomePage_Testing" tests="1" failures="0" timestamp="02 Feb 2019 07:39:14 GMT" time="5.579" errors="0">
  <testcase name="homepage" time="5.579" classname="com.POM.NewTours_HomePage_Testing"/>
</testsuite> <!-- com.POM.NewTours_HomePage_Testing -->
